<?xml version="1.0" encoding="UTF-8"?>
<testsuite xmlns:xsi="http://www.w3.org/2001/XMLSchema-instance" xsi:noNamespaceSchemaLocation="https://maven.apache.org/surefire/maven-surefire-plugin/xsd/surefire-test-report-3.0.xsd" version="3.0" name="emailTest" time="0.105" tests="3" errors="0" skipped="0" failures="0">
  <properties>
[...]
</properties>
  <testcase name="eliminarCorreoElectronico" classname="emailTest" time="0.068">
    <system-out><![CDATA[******************************************************
El usuario coloca sus credenciales y accede a Gmail
El usuario elimina un correo electronico
El usuario cierra sesion en Gmail
******************************************************
]]></system-out>
  </testcase>
  <testcase name="enviarCorreoElectronico" classname="emailTest" time="0.002">
    <system-out><![CDATA[******************************************************
El usuario coloca sus credenciales y accede a Gmail
El usuario envia un correo electronico
El usuario cierra sesion en Gmail
******************************************************
]]></system-out>
  </testcase>
  <testcase name="abrirCorreoElectronico" classname="emailTest" time="0.004">
    <system-out><![CDATA[******************************************************
El usuario coloca sus credenciales y accede a Gmail
El usuario abre un correo electronico
El usuario cierra sesion en Gmail
******************************************************
]]></system-out>
  </testcase>
</testsuite>