<?xml version="1.0" encoding="UTF-8"?>
<robot generator="Robot 6.1 (Python 3.11.4 on win32)" generated="20230623 21:55:52.744" rpa="false" schemaversion="4">
<suite id="s1" name="Test" source="C:\Users\rahernandez\Documents\git_rahm\hck3lool\Robotframework\concept_proof\test.robot">
<test id="s1-t1" name="The user enter their credentials" line="6">
<kw name="Open Browser" library="SeleniumLibrary">
<arg>https://www.google.com/</arg>
<arg>gc</arg>
<doc>Opens a new browser instance to the optional ``url``.</doc>
<msg timestamp="20230623 21:55:53.047" level="INFO">Opening browser 'gc' to base url 'https://www.google.com/'.</msg>
<msg timestamp="20230623 21:55:53.047" level="INFO">Cannot capture screenshot because no browser is open.</msg>
<msg timestamp="20230623 21:55:53.047" level="FAIL">TypeError: WebDriver.__init__() got an unexpected keyword argument 'service_log_path'</msg>
<status status="FAIL" starttime="20230623 21:55:53.046" endtime="20230623 21:55:53.050"/>
</kw>
<kw name="Maximize Browser Window" library="SeleniumLibrary">
<doc>Maximizes current browser window.</doc>
<status status="NOT RUN" starttime="20230623 21:55:53.052" endtime="20230623 21:55:53.052"/>
</kw>
<kw name="Wait Until Element Is Enabled" library="SeleniumLibrary">
<arg>//*[@id="logo"]</arg>
<doc>Waits until the element ``locator`` is enabled.</doc>
<status status="NOT RUN" starttime="20230623 21:55:53.053" endtime="20230623 21:55:53.053"/>
</kw>
<kw name="Capture Page Screenshot" library="SeleniumLibrary">
<doc>Takes a screenshot of the current page and embeds it into a log file.</doc>
<status status="NOT RUN" starttime="20230623 21:55:53.053" endtime="20230623 21:55:53.054"/>
</kw>
<status status="FAIL" starttime="20230623 21:55:53.044" endtime="20230623 21:55:53.054">TypeError: WebDriver.__init__() got an unexpected keyword argument 'service_log_path'</status>
</test>
<status status="FAIL" starttime="20230623 21:55:52.744" endtime="20230623 21:55:53.056"/>
</suite>
<statistics>
<total>
<stat pass="0" fail="1" skip="0">All Tests</stat>
</total>
<tag>
</tag>
<suite>
<stat pass="0" fail="1" skip="0" id="s1" name="Test">Test</stat>
</suite>
</statistics>
<errors>
</errors>
</robot>
